0 info it worked if it ends with ok
1 verbose cli [ 'node', '/usr/local/bin/npm', 'publish' ]
2 info using npm@2.7.4
3 info using node@v0.12.2
4 verbose publish [ '.' ]
5 silly cache add args [ '.', null ]
6 verbose cache add spec .
7 silly cache add parsed spec { raw: '.',
7 silly cache add   scope: null,
7 silly cache add   name: null,
7 silly cache add   rawSpec: '.',
7 silly cache add   spec: '/Users/jdcsh-fe/www/jdcsh',
7 silly cache add   type: 'directory' }
8 verbose addLocalDirectory /Users/jdcsh-fe/.npm/jdcsh/1.0.0/package.tgz not in flight; packing
9 verbose tar pack [ '/Users/jdcsh-fe/.npm/jdcsh/1.0.0/package.tgz',
9 verbose tar pack   '/Users/jdcsh-fe/www/jdcsh' ]
10 verbose tarball /Users/jdcsh-fe/.npm/jdcsh/1.0.0/package.tgz
11 verbose folder /Users/jdcsh-fe/www/jdcsh
12 info prepublish jdcsh@1.0.0
13 verbose addLocalTarball adding from inside cache /Users/jdcsh-fe/.npm/jdcsh/1.0.0/package.tgz
14 silly cache afterAdd jdcsh@1.0.0
15 verbose afterAdd /Users/jdcsh-fe/.npm/jdcsh/1.0.0/package/package.json not in flight; writing
16 verbose afterAdd /Users/jdcsh-fe/.npm/jdcsh/1.0.0/package/package.json written
17 silly publish { name: 'jdcsh',
17 silly publish   version: '1.0.0',
17 silly publish   keywords: [ 'gulp' ],
17 silly publish   description: 'simple task',
17 silly publish   main: 'gulpfile.js',
17 silly publish   author: { name: 'dabin' },
17 silly publish   repository: { type: 'git', url: 'https://github.com/dabin7360/jdcm.git' },
17 silly publish   dependencies:
17 silly publish    { gulp: '^3.9.0',
17 silly publish      'browser-sync': '^2.9.1',
17 silly publish      'gulp-sass': '^2.0.4',
17 silly publish      'node-bourbon': '^4.2.3',
17 silly publish      'gulp-imagemin': '^2.3.0',
17 silly publish      'imagemin-pngquant': '^4.2.0' },
17 silly publish   gitHead: '5dcebbe4ba1a6e26d6c064a0f71e496983dc3e17',
17 silly publish   bugs: { url: 'https://github.com/dabin7360/jdcm/issues' },
17 silly publish   readme: 'ERROR: No README data found!',
17 silly publish   homepage: 'https://github.com/dabin7360/jdcm',
17 silly publish   _id: 'jdcsh@1.0.0',
17 silly publish   scripts: {},
17 silly publish   _shasum: '4bb5d8bb6be858edf15c90b70361da2353dfdf4e',
17 silly publish   _from: '.' }
18 silly mapToRegistry name jdcsh
19 silly mapToRegistry using default registry
20 silly mapToRegistry registry http://registry.npmjs.org/
21 silly mapToRegistry uri http://registry.npmjs.org/jdcsh
22 verbose publish registryBase http://registry.npmjs.org/
23 silly publish uploading /Users/jdcsh-fe/.npm/jdcsh/1.0.0/package.tgz
24 verbose stack Error: auth required for publishing
24 verbose stack     at CachingRegistryClient.publish (/usr/local/lib/node_modules/npm/node_modules/npm-registry-client/lib/publish.js:30:14)
24 verbose stack     at /usr/local/lib/node_modules/npm/lib/publish.js:144:14
24 verbose stack     at mapToRegistry (/usr/local/lib/node_modules/npm/lib/utils/map-to-registry.js:55:3)
24 verbose stack     at publish_ (/usr/local/lib/node_modules/npm/lib/publish.js:114:3)
24 verbose stack     at Array.<anonymous> (/usr/local/lib/node_modules/npm/node_modules/slide/lib/bind-actor.js:15:8)
24 verbose stack     at LOOP (/usr/local/lib/node_modules/npm/node_modules/slide/lib/chain.js:15:14)
24 verbose stack     at LOOP (/usr/local/lib/node_modules/npm/node_modules/slide/lib/chain.js:14:28)
24 verbose stack     at chain (/usr/local/lib/node_modules/npm/node_modules/slide/lib/chain.js:20:5)
24 verbose stack     at /usr/local/lib/node_modules/npm/lib/publish.js:74:5
24 verbose stack     at RES (/usr/local/lib/node_modules/npm/node_modules/inflight/inflight.js:23:14)
25 verbose cwd /Users/jdcsh-fe/www/jdcsh
26 error Darwin 14.5.0
27 error argv "node" "/usr/local/bin/npm" "publish"
28 error node v0.12.2
29 error npm  v2.7.4
30 error code ENEEDAUTH
31 error need auth auth required for publishing
31 error need auth You need to authorize this machine using `npm adduser`
32 verbose exit [ 1, true ]
